;  LST file generated by mikroListExporter - v.2.0 
; Date/Time: 21/07/2012 16:20:44
;----------------------------------------------

;Address Opcode 	ASM
0x0000	0x28FB      	GOTO       251
_Delay_50us:
;__Lib_Delays.c,19 :: 		void Delay_50us() {
;__Lib_Delays.c,20 :: 		Delay_us(50);
0x0003	0x3021      	MOVLW      33
0x0004	0x1283      	BCF        STATUS, 5
0x0005	0x00CD      	MOVWF      R13
L_Delay_50us2:
0x0006	0x0BCD      	DECFSZ     R13, 1
0x0007	0x2806      	GOTO       L_Delay_50us2
;__Lib_Delays.c,21 :: 		}
L_end_Delay_50us:
0x0008	0x0008      	RETURN
; end of _Delay_50us
_Delay_1us:
;__Lib_Delays.c,7 :: 		void Delay_1us() {
;__Lib_Delays.c,8 :: 		Delay_us(1);
0x0009	0x0000      	NOP
0x000A	0x0000      	NOP
;__Lib_Delays.c,9 :: 		}
L_end_Delay_1us:
0x000B	0x0008      	RETURN
; end of _Delay_1us
_____DoICP:
;__Lib_System.c,6 :: 		
;__Lib_System.c,9 :: 		
0x000C	0x1283      	BCF        STATUS, 5
0x000D	0x0815      	MOVF       ___DoICPAddr+1, 0
0x000E	0x008A      	MOVWF      PCLATH
;__Lib_System.c,10 :: 		
0x000F	0x0814      	MOVF       ___DoICPAddr, 0
0x0010	0x0082      	MOVWF      PCL
;__Lib_System.c,12 :: 		
L_end_____DoICP:
0x0011	0x0008      	RETURN
; end of _____DoICP
_Delay_80us:
;__Lib_Delays.c,23 :: 		void Delay_80us() {
;__Lib_Delays.c,24 :: 		Delay_us(78);
0x0012	0x3033      	MOVLW      51
0x0013	0x1283      	BCF        STATUS, 5
0x0014	0x00CD      	MOVWF      R13
L_Delay_80us3:
0x0015	0x0BCD      	DECFSZ     R13, 1
0x0016	0x2815      	GOTO       L_Delay_80us3
0x0017	0x0000      	NOP
0x0018	0x0000      	NOP
;__Lib_Delays.c,25 :: 		}
L_end_Delay_80us:
0x0019	0x0008      	RETURN
; end of _Delay_80us
_Delay_500us:
;__Lib_Delays.c,27 :: 		void Delay_500us() {
;__Lib_Delays.c,28 :: 		Delay_us(498);
0x001A	0x3002      	MOVLW      2
0x001B	0x1283      	BCF        STATUS, 5
0x001C	0x00CC      	MOVWF      R12
0x001D	0x3049      	MOVLW      73
0x001E	0x00CD      	MOVWF      R13
L_Delay_500us4:
0x001F	0x0BCD      	DECFSZ     R13, 1
0x0020	0x281F      	GOTO       L_Delay_500us4
0x0021	0x0BCC      	DECFSZ     R12, 1
0x0022	0x281F      	GOTO       L_Delay_500us4
0x0023	0x0000      	NOP
0x0024	0x0000      	NOP
;__Lib_Delays.c,29 :: 		}
L_end_Delay_500us:
0x0025	0x0008      	RETURN
; end of _Delay_500us
_Ow_Read:
;__Lib_OneWire.c,26 :: 		
;__Lib_OneWire.c,29 :: 		
0x0026	0x1283      	BCF        STATUS, 5
0x0027	0x0819      	MOVF       FARG_Ow_Read_pin, 0
0x0028	0x00C1      	MOVWF      R1
0x0029	0x3001      	MOVLW      1
0x002A	0x00C0      	MOVWF      R0
0x002B	0x0841      	MOVF       R1, 0
L__Ow_Read12:
0x002C	0x1903      	BTFSC      STATUS, 2
0x002D	0x2832      	GOTO       L__Ow_Read13
0x002E	0x0DC0      	RLF        R0, 1
0x002F	0x1040      	BCF        R0, 0
0x0030	0x3EFF      	ADDLW      255
0x0031	0x282C      	GOTO       L__Ow_Read12
L__Ow_Read13:
0x0032	0x0840      	MOVF       R0, 0
0x0033	0x009D      	MOVWF      Ow_Read_bit_mask_1_L0
;__Lib_OneWire.c,30 :: 		
0x0034	0x0940      	COMF       R0, 0
0x0035	0x009C      	MOVWF      Ow_Read_bit_mask_0_L0
;__Lib_OneWire.c,32 :: 		
0x0036	0x0818      	MOVF       FARG_Ow_Read_port, 0
0x0037	0x0084      	MOVWF      FSR
;__Lib_OneWire.c,33 :: 		
0x0038	0x019B      	CLRF       Ow_Read_tmp_L0
;__Lib_OneWire.c,34 :: 		
0x0039	0x019A      	CLRF       Ow_Read_i_L0
L_Ow_Read0:
0x003A	0x081A      	MOVF       Ow_Read_i_L0, 0
0x003B	0x3C07      	SUBLW      7
0x003C	0x1C03      	BTFSS      STATUS, 0
0x003D	0x285E      	GOTO       L_Ow_Read1
;__Lib_OneWire.c,35 :: 		
0x003E	0x081C      	MOVF       Ow_Read_bit_mask_0_L0, 0
0x003F	0x0580      	ANDWF      INDF, 1
;__Lib_OneWire.c,37 :: 		
0x0040	0x1784      	BSF        FSR, 7
;__Lib_OneWire.c,38 :: 		
0x0041	0x081C      	MOVF       Ow_Read_bit_mask_0_L0, 0
0x0042	0x0580      	ANDWF      INDF, 1
;__Lib_OneWire.c,39 :: 		
0x0043	0x2009      	CALL       _Delay_1us
;__Lib_OneWire.c,40 :: 		
0x0044	0x081D      	MOVF       Ow_Read_bit_mask_1_L0, 0
0x0045	0x0480      	IORWF      INDF, 1
;__Lib_OneWire.c,41 :: 		
0x0046	0x2009      	CALL       _Delay_1us
;__Lib_OneWire.c,43 :: 		
0x0047	0x1384      	BCF        FSR, 7
;__Lib_OneWire.c,44 :: 		
0x0048	0x081D      	MOVF       Ow_Read_bit_mask_1_L0, 0
0x0049	0x0500      	ANDWF      INDF, 0
0x004A	0x00C0      	MOVWF      R0
0x004B	0x1903      	BTFSC      STATUS, 2
0x004C	0x285A      	GOTO       L_Ow_Read3
;__Lib_OneWire.c,45 :: 		
0x004D	0x081A      	MOVF       Ow_Read_i_L0, 0
0x004E	0x00C1      	MOVWF      R1
0x004F	0x3001      	MOVLW      1
0x0050	0x00C0      	MOVWF      R0
0x0051	0x0841      	MOVF       R1, 0
L__Ow_Read14:
0x0052	0x1903      	BTFSC      STATUS, 2
0x0053	0x2858      	GOTO       L__Ow_Read15
0x0054	0x0DC0      	RLF        R0, 1
0x0055	0x1040      	BCF        R0, 0
0x0056	0x3EFF      	ADDLW      255
0x0057	0x2852      	GOTO       L__Ow_Read14
L__Ow_Read15:
0x0058	0x0840      	MOVF       R0, 0
0x0059	0x049B      	IORWF      Ow_Read_tmp_L0, 1
L_Ow_Read3:
;__Lib_OneWire.c,47 :: 		
0x005A	0x2003      	CALL       _Delay_50us
;__Lib_OneWire.c,48 :: 		
0x005B	0x2003      	CALL       _Delay_50us
;__Lib_OneWire.c,34 :: 		
0x005C	0x0A9A      	INCF       Ow_Read_i_L0, 1
;__Lib_OneWire.c,49 :: 		
0x005D	0x283A      	GOTO       L_Ow_Read0
L_Ow_Read1:
;__Lib_OneWire.c,50 :: 		
0x005E	0x081B      	MOVF       Ow_Read_tmp_L0, 0
0x005F	0x00C0      	MOVWF      R0
;__Lib_OneWire.c,51 :: 		
L_end_Ow_Read:
0x0060	0x0008      	RETURN
; end of _Ow_Read
_Ow_Reset:
;__Lib_OneWire.c,5 :: 		
;__Lib_OneWire.c,8 :: 		
0x0061	0x1283      	BCF        STATUS, 5
0x0062	0x0819      	MOVF       FARG_Ow_Reset_pin, 0
0x0063	0x00C1      	MOVWF      R1
0x0064	0x3001      	MOVLW      1
0x0065	0x00C0      	MOVWF      R0
0x0066	0x0841      	MOVF       R1, 0
L__Ow_Reset9:
0x0067	0x1903      	BTFSC      STATUS, 2
0x0068	0x286D      	GOTO       L__Ow_Reset10
0x0069	0x0DC0      	RLF        R0, 1
0x006A	0x1040      	BCF        R0, 0
0x006B	0x3EFF      	ADDLW      255
0x006C	0x2867      	GOTO       L__Ow_Reset9
L__Ow_Reset10:
0x006D	0x0840      	MOVF       R0, 0
0x006E	0x009B      	MOVWF      Ow_Reset_bit_mask_1_L0
;__Lib_OneWire.c,9 :: 		
0x006F	0x09C0      	COMF       R0, 1
;__Lib_OneWire.c,11 :: 		
0x0070	0x0818      	MOVF       FARG_Ow_Reset_port, 0
0x0071	0x0084      	MOVWF      FSR
;__Lib_OneWire.c,12 :: 		
0x0072	0x0840      	MOVF       R0, 0
0x0073	0x0580      	ANDWF      INDF, 1
;__Lib_OneWire.c,13 :: 		
0x0074	0x1784      	BSF        FSR, 7
;__Lib_OneWire.c,14 :: 		
0x0075	0x0840      	MOVF       R0, 0
0x0076	0x0580      	ANDWF      INDF, 1
;__Lib_OneWire.c,15 :: 		
0x0077	0x201A      	CALL       _Delay_500us
;__Lib_OneWire.c,16 :: 		
0x0078	0x081B      	MOVF       Ow_Reset_bit_mask_1_L0, 0
0x0079	0x0480      	IORWF      INDF, 1
;__Lib_OneWire.c,18 :: 		
0x007A	0x1384      	BCF        FSR, 7
;__Lib_OneWire.c,19 :: 		
0x007B	0x2012      	CALL       _Delay_80us
;__Lib_OneWire.c,20 :: 		
0x007C	0x081B      	MOVF       Ow_Reset_bit_mask_1_L0, 0
0x007D	0x0500      	ANDWF      INDF, 0
0x007E	0x009A      	MOVWF      Ow_Reset_res_L0
0x007F	0x081A      	MOVF       Ow_Reset_res_L0, 0
0x0080	0x3A00      	XORLW      0
0x0081	0x3001      	MOVLW      1
0x0082	0x1903      	BTFSC      STATUS, 2
0x0083	0x3000      	MOVLW      0
0x0084	0x009A      	MOVWF      Ow_Reset_res_L0
;__Lib_OneWire.c,21 :: 		
0x0085	0x201A      	CALL       _Delay_500us
;__Lib_OneWire.c,22 :: 		
0x0086	0x081A      	MOVF       Ow_Reset_res_L0, 0
0x0087	0x00C0      	MOVWF      R0
;__Lib_OneWire.c,23 :: 		
L_end_Ow_Reset:
0x0088	0x0008      	RETURN
; end of _Ow_Reset
___CC2DW:
;__Lib_System.c,134 :: 		
;__Lib_System.c,137 :: 		
_CC2D_Loop1:
;__Lib_System.c,139 :: 		
0x0089	0x200C      	CALL       _____DoICP
0x008A	0x118A      	BCF        PCLATH, 3
0x008B	0x120A      	BCF        PCLATH, 4
;__Lib_System.c,141 :: 		
0x008C	0x0080      	MOVWF      INDF
;__Lib_System.c,142 :: 		
0x008D	0x0A84      	INCF       FSR, 1
;__Lib_System.c,143 :: 		
0x008E	0x0A94      	INCF       ___DoICPAddr, 1
;__Lib_System.c,145 :: 		
0x008F	0x1903      	BTFSC      STATUS, 2
;__Lib_System.c,146 :: 		
0x0090	0x0A95      	INCF       ___DoICPAddr+1, 1
;__Lib_System.c,147 :: 		
0x0091	0x03C0      	DECF       R0, 1
;__Lib_System.c,149 :: 		
0x0092	0x1D03      	BTFSS      STATUS, 2
;__Lib_System.c,150 :: 		
0x0093	0x2889      	GOTO       _CC2D_Loop1
;__Lib_System.c,152 :: 		
L_end___CC2DW:
0x0094	0x0008      	RETURN
; end of ___CC2DW
_Ow_Write:
;__Lib_OneWire.c,54 :: 		
;__Lib_OneWire.c,57 :: 		
0x0095	0x1283      	BCF        STATUS, 5
0x0096	0x0819      	MOVF       FARG_Ow_Write_pin, 0
0x0097	0x00C1      	MOVWF      R1
0x0098	0x3001      	MOVLW      1
0x0099	0x00C0      	MOVWF      R0
0x009A	0x0841      	MOVF       R1, 0
L__Ow_Write17:
0x009B	0x1903      	BTFSC      STATUS, 2
0x009C	0x28A1      	GOTO       L__Ow_Write18
0x009D	0x0DC0      	RLF        R0, 1
0x009E	0x1040      	BCF        R0, 0
0x009F	0x3EFF      	ADDLW      255
0x00A0	0x289B      	GOTO       L__Ow_Write17
L__Ow_Write18:
0x00A1	0x0840      	MOVF       R0, 0
0x00A2	0x009D      	MOVWF      Ow_Write_bit_mask_1_L0
;__Lib_OneWire.c,58 :: 		
0x00A3	0x09C0      	COMF       R0, 1
0x00A4	0x0840      	MOVF       R0, 0
0x00A5	0x009C      	MOVWF      Ow_Write_bit_mask_0_L0
;__Lib_OneWire.c,60 :: 		
0x00A6	0x0818      	MOVF       FARG_Ow_Write_port, 0
0x00A7	0x0084      	MOVWF      FSR
;__Lib_OneWire.c,61 :: 		
0x00A8	0x0840      	MOVF       R0, 0
0x00A9	0x0580      	ANDWF      INDF, 1
;__Lib_OneWire.c,62 :: 		
0x00AA	0x1784      	BSF        FSR, 7
;__Lib_OneWire.c,64 :: 		
0x00AB	0x019B      	CLRF       Ow_Write_i_L0
L_Ow_Write4:
0x00AC	0x081B      	MOVF       Ow_Write_i_L0, 0
0x00AD	0x3C07      	SUBLW      7
0x00AE	0x1C03      	BTFSS      STATUS, 0
0x00AF	0x28C6      	GOTO       L_Ow_Write5
;__Lib_OneWire.c,65 :: 		
0x00B0	0x081B      	MOVF       Ow_Write_i_L0, 0
0x00B1	0x00C0      	MOVWF      R0
0x00B2	0x081A      	MOVF       FARG_Ow_Write_data_, 0
0x00B3	0x00C1      	MOVWF      R1
0x00B4	0x0840      	MOVF       R0, 0
L__Ow_Write19:
0x00B5	0x1903      	BTFSC      STATUS, 2
0x00B6	0x28BB      	GOTO       L__Ow_Write20
0x00B7	0x0CC1      	RRF        R1, 1
0x00B8	0x13C1      	BCF        R1, 7
0x00B9	0x3EFF      	ADDLW      255
0x00BA	0x28B5      	GOTO       L__Ow_Write19
L__Ow_Write20:
;__Lib_OneWire.c,68 :: 		
0x00BB	0x081C      	MOVF       Ow_Write_bit_mask_0_L0, 0
0x00BC	0x0580      	ANDWF      INDF, 1
;__Lib_OneWire.c,70 :: 		
0x00BD	0x1C41      	BTFSS      R1, 0
0x00BE	0x28C1      	GOTO       L_Ow_Write7
;__Lib_OneWire.c,71 :: 		
0x00BF	0x081D      	MOVF       Ow_Write_bit_mask_1_L0, 0
0x00C0	0x0480      	IORWF      INDF, 1
;__Lib_OneWire.c,72 :: 		
L_Ow_Write7:
;__Lib_OneWire.c,74 :: 		
0x00C1	0x2012      	CALL       _Delay_80us
;__Lib_OneWire.c,76 :: 		
0x00C2	0x081D      	MOVF       Ow_Write_bit_mask_1_L0, 0
0x00C3	0x0480      	IORWF      INDF, 1
;__Lib_OneWire.c,64 :: 		
0x00C4	0x0A9B      	INCF       Ow_Write_i_L0, 1
;__Lib_OneWire.c,77 :: 		
0x00C5	0x28AC      	GOTO       L_Ow_Write4
L_Ow_Write5:
;__Lib_OneWire.c,78 :: 		
0x00C6	0x1384      	BCF        FSR, 7
;__Lib_OneWire.c,80 :: 		
0x00C7	0x2003      	CALL       _Delay_50us
;__Lib_OneWire.c,81 :: 		
0x00C8	0x2003      	CALL       _Delay_50us
;__Lib_OneWire.c,82 :: 		
L_end_Ow_Write:
0x00C9	0x0008      	RETURN
; end of _Ow_Write
_Display_Temperature:
;Temperature Monitor.c,10 :: 		void Display_Temperature(unsigned int temp2write) {
;Temperature Monitor.c,15 :: 		if (temp2write & 0x8000) {
0x00CA	0x1283      	BCF        STATUS, 5
0x00CB	0x1F99      	BTFSS      FARG_Display_Temperature_temp2write+1, 7
0x00CC	0x28D6      	GOTO       L_Display_Temperature0
;Temperature Monitor.c,16 :: 		text[0] = '-';
0x00CD	0x080C      	MOVF       _text, 0
0x00CE	0x0084      	MOVWF      FSR
0x00CF	0x302D      	MOVLW      45
0x00D0	0x0080      	MOVWF      INDF
;Temperature Monitor.c,17 :: 		temp2write = ~temp2write + 1;
0x00D1	0x0998      	COMF       FARG_Display_Temperature_temp2write, 1
0x00D2	0x0999      	COMF       FARG_Display_Temperature_temp2write+1, 1
0x00D3	0x0A98      	INCF       FARG_Display_Temperature_temp2write, 1
0x00D4	0x1903      	BTFSC      STATUS, 2
0x00D5	0x0A99      	INCF       FARG_Display_Temperature_temp2write+1, 1
;Temperature Monitor.c,18 :: 		}
L_Display_Temperature0:
;Temperature Monitor.c,21 :: 		temp_whole = temp2write >> RES_SHIFT ;
0x00D6	0x0818      	MOVF       FARG_Display_Temperature_temp2write, 0
0x00D7	0x00C1      	MOVWF      R1
0x00D8	0x0819      	MOVF       FARG_Display_Temperature_temp2write+1, 0
0x00D9	0x00C2      	MOVWF      R1+1
0x00DA	0x0CC2      	RRF        R1+1, 1
0x00DB	0x0CC1      	RRF        R1, 1
0x00DC	0x13C2      	BCF        R1+1, 7
0x00DD	0x0CC2      	RRF        R1+1, 1
0x00DE	0x0CC1      	RRF        R1, 1
0x00DF	0x13C2      	BCF        R1+1, 7
0x00E0	0x0CC2      	RRF        R1+1, 1
0x00E1	0x0CC1      	RRF        R1, 1
0x00E2	0x13C2      	BCF        R1+1, 7
0x00E3	0x0CC2      	RRF        R1+1, 1
0x00E4	0x0CC1      	RRF        R1, 1
0x00E5	0x13C2      	BCF        R1+1, 7
;Temperature Monitor.c,23 :: 		if (temp_whole >= 40){
0x00E6	0x3028      	MOVLW      40
0x00E7	0x0241      	SUBWF      R1, 0
0x00E8	0x1C03      	BTFSS      STATUS, 0
0x00E9	0x28F9      	GOTO       L_Display_Temperature1
;Temperature Monitor.c,24 :: 		PORTA.B1 = 0;
0x00EA	0x1085      	BCF        PORTA, 1
;Temperature Monitor.c,25 :: 		Delay_ms(20000);
0x00EB	0x30CB      	MOVLW      203
0x00EC	0x00CB      	MOVWF      R11
0x00ED	0x30EC      	MOVLW      236
0x00EE	0x00CC      	MOVWF      R12
0x00EF	0x3084      	MOVLW      132
0x00F0	0x00CD      	MOVWF      R13
L_Display_Temperature2:
0x00F1	0x0BCD      	DECFSZ     R13, 1
0x00F2	0x28F1      	GOTO       L_Display_Temperature2
0x00F3	0x0BCC      	DECFSZ     R12, 1
0x00F4	0x28F1      	GOTO       L_Display_Temperature2
0x00F5	0x0BCB      	DECFSZ     R11, 1
0x00F6	0x28F1      	GOTO       L_Display_Temperature2
0x00F7	0x0000      	NOP
;Temperature Monitor.c,26 :: 		}
0x00F8	0x28FA      	GOTO       L_Display_Temperature3
L_Display_Temperature1:
;Temperature Monitor.c,28 :: 		PORTA.B1 = 1;
0x00F9	0x1485      	BSF        PORTA, 1
;Temperature Monitor.c,29 :: 		}
L_Display_Temperature3:
;Temperature Monitor.c,30 :: 		}
L_end_Display_Temperature:
0x00FA	0x0008      	RETURN
; end of _Display_Temperature
_main:
0x00FB	0x300D      	MOVLW      13
0x00FC	0x1283      	BCF        STATUS, 5
0x00FD	0x008C      	MOVWF      _text
0x00FE	0x3030      	MOVLW      48
0x00FF	0x008D      	MOVWF      ?lstr1_Temperature_32Monitor
0x0100	0x3030      	MOVLW      48
0x0101	0x008E      	MOVWF      14
0x0102	0x3030      	MOVLW      48
0x0103	0x008F      	MOVWF      15
0x0104	0x302E      	MOVLW      46
0x0105	0x0090      	MOVWF      16
0x0106	0x3030      	MOVLW      48
0x0107	0x0091      	MOVWF      17
0x0108	0x3030      	MOVLW      48
0x0109	0x0092      	MOVWF      18
0x010A	0x0193      	CLRF       19
;Temperature Monitor.c,32 :: 		void main() {
;Temperature Monitor.c,34 :: 		TRISA = 0;
0x010B	0x1683      	BSF        STATUS, 5
0x010C	0x0185      	CLRF       TRISA
;Temperature Monitor.c,35 :: 		PORTA = 0;
0x010D	0x1283      	BCF        STATUS, 5
0x010E	0x0185      	CLRF       PORTA
;Temperature Monitor.c,36 :: 		PORTA.B1 = 1;
0x010F	0x1485      	BSF        PORTA, 1
;Temperature Monitor.c,38 :: 		do {
L_main4:
;Temperature Monitor.c,40 :: 		Ow_Reset(&PORTA, 2);// Onewire reset signal
0x0110	0x3005      	MOVLW      PORTA
0x0111	0x0098      	MOVWF      FARG_Ow_Reset_port
0x0112	0x3002      	MOVLW      2
0x0113	0x0099      	MOVWF      FARG_Ow_Reset_pin
0x0114	0x2061      	CALL       _Ow_Reset
;Temperature Monitor.c,41 :: 		Ow_Write(&PORTA, 2, 0xCC);// Issue command SKIP_ROM
0x0115	0x3005      	MOVLW      PORTA
0x0116	0x0098      	MOVWF      FARG_Ow_Write_port
0x0117	0x3002      	MOVLW      2
0x0118	0x0099      	MOVWF      FARG_Ow_Write_pin
0x0119	0x30CC      	MOVLW      204
0x011A	0x009A      	MOVWF      FARG_Ow_Write_data_
0x011B	0x2095      	CALL       _Ow_Write
;Temperature Monitor.c,42 :: 		Ow_Write(&PORTA, 2, 0x44);// Issue command CONVERT_T
0x011C	0x3005      	MOVLW      PORTA
0x011D	0x0098      	MOVWF      FARG_Ow_Write_port
0x011E	0x3002      	MOVLW      2
0x011F	0x0099      	MOVWF      FARG_Ow_Write_pin
0x0120	0x3044      	MOVLW      68
0x0121	0x009A      	MOVWF      FARG_Ow_Write_data_
0x0122	0x2095      	CALL       _Ow_Write
;Temperature Monitor.c,43 :: 		Delay_us(120);
0x0123	0x304F      	MOVLW      79
0x0124	0x00CD      	MOVWF      R13
L_main7:
0x0125	0x0BCD      	DECFSZ     R13, 1
0x0126	0x2925      	GOTO       L_main7
0x0127	0x0000      	NOP
0x0128	0x0000      	NOP
;Temperature Monitor.c,45 :: 		Ow_Reset(&PORTA, 2);
0x0129	0x3005      	MOVLW      PORTA
0x012A	0x0098      	MOVWF      FARG_Ow_Reset_port
0x012B	0x3002      	MOVLW      2
0x012C	0x0099      	MOVWF      FARG_Ow_Reset_pin
0x012D	0x2061      	CALL       _Ow_Reset
;Temperature Monitor.c,46 :: 		Ow_Write(&PORTA, 2, 0xCC);// Issue command SKIP_ROM
0x012E	0x3005      	MOVLW      PORTA
0x012F	0x0098      	MOVWF      FARG_Ow_Write_port
0x0130	0x3002      	MOVLW      2
0x0131	0x0099      	MOVWF      FARG_Ow_Write_pin
0x0132	0x30CC      	MOVLW      204
0x0133	0x009A      	MOVWF      FARG_Ow_Write_data_
0x0134	0x2095      	CALL       _Ow_Write
;Temperature Monitor.c,47 :: 		Ow_Write(&PORTA, 2, 0xBE);// Issue command READ_SCRATCHPAD
0x0135	0x3005      	MOVLW      PORTA
0x0136	0x0098      	MOVWF      FARG_Ow_Write_port
0x0137	0x3002      	MOVLW      2
0x0138	0x0099      	MOVWF      FARG_Ow_Write_pin
0x0139	0x30BE      	MOVLW      190
0x013A	0x009A      	MOVWF      FARG_Ow_Write_data_
0x013B	0x2095      	CALL       _Ow_Write
;Temperature Monitor.c,49 :: 		temp =  Ow_Read(&PORTA, 2);
0x013C	0x3005      	MOVLW      PORTA
0x013D	0x0098      	MOVWF      FARG_Ow_Read_port
0x013E	0x3002      	MOVLW      2
0x013F	0x0099      	MOVWF      FARG_Ow_Read_pin
0x0140	0x2026      	CALL       _Ow_Read
0x0141	0x0840      	MOVF       R0, 0
0x0142	0x0096      	MOVWF      _temp
0x0143	0x0197      	CLRF       _temp+1
;Temperature Monitor.c,50 :: 		temp = (Ow_Read(&PORTA, 2) << 8) + temp;
0x0144	0x3005      	MOVLW      PORTA
0x0145	0x0098      	MOVWF      FARG_Ow_Read_port
0x0146	0x3002      	MOVLW      2
0x0147	0x0099      	MOVWF      FARG_Ow_Read_pin
0x0148	0x2026      	CALL       _Ow_Read
0x0149	0x0840      	MOVF       R0, 0
0x014A	0x00C3      	MOVWF      R2+1
0x014B	0x01C2      	CLRF       R2
0x014C	0x0816      	MOVF       _temp, 0
0x014D	0x0742      	ADDWF      R2, 0
0x014E	0x00C0      	MOVWF      R0
0x014F	0x0843      	MOVF       R2+1, 0
0x0150	0x1803      	BTFSC      STATUS, 0
0x0151	0x3E01      	ADDLW      1
0x0152	0x0717      	ADDWF      _temp+1, 0
0x0153	0x00C1      	MOVWF      R0+1
0x0154	0x0840      	MOVF       R0, 0
0x0155	0x0096      	MOVWF      _temp
0x0156	0x0841      	MOVF       R0+1, 0
0x0157	0x0097      	MOVWF      _temp+1
;Temperature Monitor.c,54 :: 		Display_Temperature(temp);
0x0158	0x0840      	MOVF       R0, 0
0x0159	0x0098      	MOVWF      FARG_Display_Temperature_temp2write
0x015A	0x0841      	MOVF       R0+1, 0
0x015B	0x0099      	MOVWF      FARG_Display_Temperature_temp2write+1
0x015C	0x20CA      	CALL       _Display_Temperature
;Temperature Monitor.c,56 :: 		Delay_ms(2000);
0x015D	0x3015      	MOVLW      21
0x015E	0x00CB      	MOVWF      R11
0x015F	0x304B      	MOVLW      75
0x0160	0x00CC      	MOVWF      R12
0x0161	0x30BE      	MOVLW      190
0x0162	0x00CD      	MOVWF      R13
L_main8:
0x0163	0x0BCD      	DECFSZ     R13, 1
0x0164	0x2963      	GOTO       L_main8
0x0165	0x0BCC      	DECFSZ     R12, 1
0x0166	0x2963      	GOTO       L_main8
0x0167	0x0BCB      	DECFSZ     R11, 1
0x0168	0x2963      	GOTO       L_main8
0x0169	0x0000      	NOP
;Temperature Monitor.c,57 :: 		} while (1);
0x016A	0x2910      	GOTO       L_main4
;Temperature Monitor.c,58 :: 		}
L_end_main:
0x016B	0x296B      	GOTO       $+0
; end of _main
Symbol List:
//** Routines locations **
//ADDRESS    SIZE    PROCEDURE
//----------------------------------------------
0x0003       [6]    _Delay_50us
0x0009       [3]    _Delay_1us
0x000C       [6]    _____DoICP
0x0012       [8]    _Delay_80us
0x001A      [12]    _Delay_500us
0x0026      [59]    _Ow_Read
0x0061      [40]    _Ow_Reset
0x0089      [12]    ___CC2DW
0x0095      [53]    _Ow_Write
0x00CA      [49]    _Display_Temperature
0x00FB     [113]    _main
//** Variables locations ** 
//ADDRESS    SIZE    VARIABLE
//----------------------------------------------
0x0000       [1]    INDF
0x0002       [1]    PCL
0x0003       [1]    STATUS
0x0004       [1]    FSR
0x0005       [1]    PORTA
0x000A       [1]    PCLATH
0x000C       [1]    _text
0x000D       [7]    ?lstr1_Temperature_32Monitor
0x0014       [2]    ___DoICPAddr
0x0016       [2]    _temp
0x0018       [1]    FARG_Ow_Read_port
0x0018       [2]    FARG_Display_Temperature_temp2write
0x0018       [1]    FARG_Ow_Reset_port
0x0018       [1]    FARG_Ow_Write_port
0x0019       [1]    FARG_Ow_Read_pin
0x0019       [1]    FARG_Ow_Reset_pin
0x0019       [1]    FARG_Ow_Write_pin
0x001A       [1]    FARG_Ow_Write_data_
0x001A       [1]    Ow_Reset_res_L0
0x001A       [1]    Ow_Read_i_L0
0x001B       [1]    Ow_Read_tmp_L0
0x001B       [1]    Ow_Write_i_L0
0x001B       [1]    Ow_Reset_bit_mask_1_L0
0x001C       [1]    Ow_Write_bit_mask_0_L0
0x001C       [1]    Ow_Read_bit_mask_0_L0
0x001D       [1]    Ow_Read_bit_mask_1_L0
0x001D       [1]    Ow_Write_bit_mask_1_L0
0x0040       [1]    R0
0x0041       [1]    R1
0x0042       [1]    R2
0x0043       [1]    R3
0x0044       [1]    R4
0x0045       [1]    R5
0x0046       [1]    R6
0x0047       [1]    R7
0x0048       [1]    R8
0x0049       [1]    R9
0x004A       [1]    R10
0x004B       [1]    R11
0x004C       [1]    R12
0x004D       [1]    R13
0x004E       [1]    R14
0x004F       [1]    R15
0x0085       [1]    TRISA
//** Label List: ** 
//----------------------------------------------
  L_Display_Temperature0
  L_Display_Temperature1
  L_Display_Temperature2
  L_Display_Temperature3
  L_main4
  L_main5
  L_main6
  L_main7
  L_main8
  L_end_Display_Temperature
  _Display_Temperature
  L_end_main
  _main
  L_Delay_10us0
  L_Delay_22us1
  L_Delay_50us2
  L_Delay_80us3
  L_Delay_500us4
  L_Delay_5500us5
  L_Delay_1ms6
  L_Delay_5ms7
  L_Delay_8ms8
  L_Delay_10ms9
  L_Delay_100ms10
  L_Delay_1sec11
  L_boot16_Delay_5ms12
  L_Delay_Cyc13
  L_Delay_Cyc14
  L_VDelay_ms15
  L_VDelay_ms16
  L_VDelay_ms17
  L_VDelay_Advanced_ms18
  L_VDelay_Advanced_ms19
  L_VDelay_Advanced_ms20
  L_end_Get_Fosc_kHz
  _Get_Fosc_kHz
  L_end_Delay_1us
  _Delay_1us
  L_end_Delay_10us
  _Delay_10us
  L_end_Delay_22us
  _Delay_22us
  L_end_Delay_50us
  _Delay_50us
  L_end_Delay_80us
  _Delay_80us
  L_end_Delay_500us
  _Delay_500us
  L_end_Delay_5500us
  _Delay_5500us
  L_end_Delay_1ms
  _Delay_1ms
  L_end_Delay_5ms
  _Delay_5ms
  L_end_Delay_8ms
  _Delay_8ms
  L_end_Delay_10ms
  _Delay_10ms
  L_end_Delay_100ms
  _Delay_100ms
  L_end_Delay_1sec
  _Delay_1sec
  L_end_boot16_Delay_5ms
  _boot16_Delay_5ms
  L_end_Delay_Cyc
  _Delay_Cyc
  L_end_VDelay_ms
  _VDelay_ms
  L__VDelay_ms38
  L__VDelay_ms39
  L__VDelay_ms40
  L_end_VDelay_Advanced_ms
  _VDelay_Advanced_ms
  L__VDelay_Advanced_ms42
  L__VDelay_Advanced_ms43
  L__VDelay_Advanced_ms44
  L_Ow_Read0
  L_Ow_Read1
  L_Ow_Read2
  L_Ow_Read3
  L_Ow_Write4
  L_Ow_Write5
  L_Ow_Write6
  L_Ow_Write7
  L_end_Ow_Reset
  _Ow_Reset
  L__Ow_Reset9
  L__Ow_Reset10
  L_end_Ow_Read
  _Ow_Read
  L__Ow_Read12
  L__Ow_Read13
  L__Ow_Read14
  L__Ow_Read15
  L_end_Ow_Write
  _Ow_Write
  L__Ow_Write17
  L__Ow_Write18
  L__Ow_Write19
  L__Ow_Write20
  L_loopCA2AWs
  L_CA2AWend
  _CCA2AW_Loop1
  L_loopCS2Ss
  L_CS2Send
  _CCS2S_Loop1
  L_CCS2Send
  L_loopFZinSWs
  L_FZinSend
  _CC2D_Loop1
  L_end_____DoICP
  _____DoICP
  L_end_____DoIFC
  _____DoIFC
  L_end___CA2AW
  ___CA2AW
  L_end___CCA2AW
  ___CCA2AW
  L_end___CS2S
  ___CS2S
  L_end___CCS2S
  ___CCS2S
  L_end___FZinS
  ___FZinS
  L_end___CC2DW
  ___CC2DW
  L_end_Swap
  _Swap
